Compiling the C compiler identification source file "CMakeCCompilerId.c" failed.
Compiler: /Applications/Xcode.app/Contents/Developer/Toolchains/XcodeDefault.xctoolchain/usr/bin/cc 
Build flags: 
Id flags:  

The output was:
1
ld: library not found for -lSystem
clang: error: linker command failed with exit code 1 (use -v to see invocation)


Compiling the CXX compiler identification source file "CMakeCXXCompilerId.cpp" failed.
Compiler: /Applications/Xcode.app/Contents/Developer/Toolchains/XcodeDefault.xctoolchain/usr/bin/c++ 
Build flags: 
Id flags:  

The output was:
1
ld: library not found for -lc++
clang: error: linker command failed with exit code 1 (use -v to see invocation)


Performing C++ SOURCE FILE Test COMPILER_SUPPORT_Wlogicalop failed with the following output:
Change Dir: /Users/shanjiang/Documents/GitHub/MUSI6106-Project/plugin_framework/ProcessorGraphTest/cmake-build-debug/CMakeFiles/CMakeTmp

Run Build Command(s):/Applications/CLion.app/Contents/bin/ninja/mac/ninja cmTC_5c4de && [1/2] Building CXX object CMakeFiles/cmTC_5c4de.dir/src.cxx.o
FAILED: CMakeFiles/cmTC_5c4de.dir/src.cxx.o 
/Applications/Xcode.app/Contents/Developer/Toolchains/XcodeDefault.xctoolchain/usr/bin/c++ -DCOMPILER_SUPPORT_Wlogicalop  -pedantic -Wall -Wextra -Wundef -Wcast-align -Wchar-subscripts -Wnon-virtual-dtor -Wunused-local-typedefs -Wpointer-arith -Wwrite-strings -Wformat-security -Wshorten-64-to-32 -Werror -arch arm64 -isysroot /Applications/Xcode.app/Contents/Developer/Platforms/MacOSX.platform/Developer/SDKs/MacOSX12.1.sdk -mmacosx-version-min=11.5   -Wlogical-op -std=c++14 -MD -MT CMakeFiles/cmTC_5c4de.dir/src.cxx.o -MF CMakeFiles/cmTC_5c4de.dir/src.cxx.o.d -o CMakeFiles/cmTC_5c4de.dir/src.cxx.o -c /Users/shanjiang/Documents/GitHub/MUSI6106-Project/plugin_framework/ProcessorGraphTest/cmake-build-debug/CMakeFiles/CMakeTmp/src.cxx
error: unknown warning option '-Wlogical-op'; did you mean '-Wlong-long'? [-Werror,-Wunknown-warning-option]
ninja: build stopped: subcommand failed.


Source file was:
int main() { return 0; }
Performing C++ SOURCE FILE Test COMPILER_SUPPORT_wd981 failed with the following output:
Change Dir: /Users/shanjiang/Documents/GitHub/MUSI6106-Project/plugin_framework/ProcessorGraphTest/cmake-build-debug/CMakeFiles/CMakeTmp

Run Build Command(s):/Applications/CLion.app/Contents/bin/ninja/mac/ninja cmTC_2c48a && [1/2] Building CXX object CMakeFiles/cmTC_2c48a.dir/src.cxx.o
FAILED: CMakeFiles/cmTC_2c48a.dir/src.cxx.o 
/Applications/Xcode.app/Contents/Developer/Toolchains/XcodeDefault.xctoolchain/usr/bin/c++ -DCOMPILER_SUPPORT_wd981  -pedantic -Wall -Wextra -Wundef -Wcast-align -Wchar-subscripts -Wnon-virtual-dtor -Wunused-local-typedefs -Wpointer-arith -Wwrite-strings -Wformat-security -Wshorten-64-to-32 -Wenum-conversion -Wc++11-extensions -Wdouble-promotion -Wshadow -Wno-psabi -Wno-variadic-macros -Wno-long-long -fno-check-new -fno-common -fstrict-aliasing -Werror -arch arm64 -isysroot /Applications/Xcode.app/Contents/Developer/Platforms/MacOSX.platform/Developer/SDKs/MacOSX12.1.sdk -mmacosx-version-min=11.5   -wd981 -std=c++14 -MD -MT CMakeFiles/cmTC_2c48a.dir/src.cxx.o -MF CMakeFiles/cmTC_2c48a.dir/src.cxx.o.d -o CMakeFiles/cmTC_2c48a.dir/src.cxx.o -c /Users/shanjiang/Documents/GitHub/MUSI6106-Project/plugin_framework/ProcessorGraphTest/cmake-build-debug/CMakeFiles/CMakeTmp/src.cxx
clang: error: unknown argument: '-wd981'
ninja: build stopped: subcommand failed.


Source file was:
int main() { return 0; }
Performing C++ SOURCE FILE Test COMPILER_SUPPORT_wd2304 failed with the following output:
Change Dir: /Users/shanjiang/Documents/GitHub/MUSI6106-Project/plugin_framework/ProcessorGraphTest/cmake-build-debug/CMakeFiles/CMakeTmp

Run Build Command(s):/Applications/CLion.app/Contents/bin/ninja/mac/ninja cmTC_ce330 && [1/2] Building CXX object CMakeFiles/cmTC_ce330.dir/src.cxx.o
FAILED: CMakeFiles/cmTC_ce330.dir/src.cxx.o 
/Applications/Xcode.app/Contents/Developer/Toolchains/XcodeDefault.xctoolchain/usr/bin/c++ -DCOMPILER_SUPPORT_wd2304  -pedantic -Wall -Wextra -Wundef -Wcast-align -Wchar-subscripts -Wnon-virtual-dtor -Wunused-local-typedefs -Wpointer-arith -Wwrite-strings -Wformat-security -Wshorten-64-to-32 -Wenum-conversion -Wc++11-extensions -Wdouble-promotion -Wshadow -Wno-psabi -Wno-variadic-macros -Wno-long-long -fno-check-new -fno-common -fstrict-aliasing -Werror -arch arm64 -isysroot /Applications/Xcode.app/Contents/Developer/Platforms/MacOSX.platform/Developer/SDKs/MacOSX12.1.sdk -mmacosx-version-min=11.5   -wd2304 -std=c++14 -MD -MT CMakeFiles/cmTC_ce330.dir/src.cxx.o -MF CMakeFiles/cmTC_ce330.dir/src.cxx.o.d -o CMakeFiles/cmTC_ce330.dir/src.cxx.o -c /Users/shanjiang/Documents/GitHub/MUSI6106-Project/plugin_framework/ProcessorGraphTest/cmake-build-debug/CMakeFiles/CMakeTmp/src.cxx
clang: error: unknown argument: '-wd2304'
ninja: build stopped: subcommand failed.


Source file was:
int main() { return 0; }
Performing C++ SOURCE FILE Test COMPILER_SUPPORT_OPENMP failed with the following output:
Change Dir: /Users/shanjiang/Documents/GitHub/MUSI6106-Project/plugin_framework/ProcessorGraphTest/cmake-build-debug/CMakeFiles/CMakeTmp

Run Build Command(s):/Applications/CLion.app/Contents/bin/ninja/mac/ninja cmTC_b126e && [1/2] Building CXX object CMakeFiles/cmTC_b126e.dir/src.cxx.o
FAILED: CMakeFiles/cmTC_b126e.dir/src.cxx.o 
/Applications/Xcode.app/Contents/Developer/Toolchains/XcodeDefault.xctoolchain/usr/bin/c++ -DCOMPILER_SUPPORT_OPENMP  -pedantic -Wall -Wextra -Wundef -Wcast-align -Wchar-subscripts -Wnon-virtual-dtor -Wunused-local-typedefs -Wpointer-arith -Wwrite-strings -Wformat-security -Wshorten-64-to-32 -Wenum-conversion -Wc++11-extensions -Wdouble-promotion -Wshadow -Wno-psabi -Wno-variadic-macros -Wno-long-long -fno-check-new -fno-common -fstrict-aliasing  -arch arm64 -isysroot /Applications/Xcode.app/Contents/Developer/Platforms/MacOSX.platform/Developer/SDKs/MacOSX12.1.sdk -mmacosx-version-min=11.5   -fopenmp -std=c++14 -MD -MT CMakeFiles/cmTC_b126e.dir/src.cxx.o -MF CMakeFiles/cmTC_b126e.dir/src.cxx.o.d -o CMakeFiles/cmTC_b126e.dir/src.cxx.o -c /Users/shanjiang/Documents/GitHub/MUSI6106-Project/plugin_framework/ProcessorGraphTest/cmake-build-debug/CMakeFiles/CMakeTmp/src.cxx
clang: error: unsupported option '-fopenmp'
ninja: build stopped: subcommand failed.


Source file was:
int main() { return 0; }
